<?xml version="1.0" encoding="UTF-8"?>
<!-- Generated by org.testng.reporters.JUnitXMLReporter -->
<testsuite ignored="0" hostname="LAPTOP-HC0J4JP3" failures="0" tests="14" name="HybridFameworkQaTestCases" time="283.565" errors="0" timestamp="2024-10-19T18:03:12 IST">
  <testcase classname="com.Qa.Hybrid.testcases.RegisterTest" name="VerifyRegisteringanAccountbyprovidingonlytheMandatoryfields" time="5.616"/>
  <testcase classname="com.Qa.Hybrid.testcases.RegisterTest" name="VerifyRegisteringanAccountbyprovidingonAlltheMandatoryfields" time="6.249"/>
  <testcase classname="com.Qa.Hybrid.testcases.RegisterTest" name="VerifyRegisteringanAccountbyprovidingExistingEmail" time="8.435"/>
  <testcase classname="com.Qa.Hybrid.testcases.RegisterTest" name="withoutfillingAnydeatil" time="7.591"/>
  <testcase classname="com.Qa.Hybrid.testcases.LoginTest" name="Verify_logging_into_the_Application_using_valid_credentials" time="1.638"/>
  <testcase classname="com.Qa.Hybrid.testcases.LoginTest" name="Verify_logging_into_the_Application_using_valid_credentials" time="12.15"/>
  <testcase classname="com.Qa.Hybrid.testcases.LoginTest" name="Verify_logging_into_the_Application_using_valid_credentials" time="7.448"/>
  <testcase classname="com.Qa.Hybrid.testcases.LoginTest" name="Verify_logging_into_the_Application_using_invalid_credentials" time="1.958"/>
  <testcase classname="com.Qa.Hybrid.testcases.LoginTest" name="Verify_logging_into_the_Application_using_invalid_email_address_and_validPassword" time="6.778"/>
  <testcase classname="com.Qa.Hybrid.testcases.LoginTest" name="Verify_logging_into_the_Application_using_valid_email_address_and_invalidPassword" time="4.69"/>
  <testcase classname="com.Qa.Hybrid.testcases.LoginTest" name="Verify_logging_into_the_Application_using_NO_email_address_and_NOvalidPassword" time="3.536"/>
  <testcase classname="com.Qa.Hybrid.testcases.SearchTest" name="Verify_searching_with_an_existing_Product_Name" time="0.817"/>
  <testcase classname="com.Qa.Hybrid.testcases.SearchTest" name="Verify_searching_with_an_Nonexisting_Product_Name" time="0.618"/>
  <testcase classname="com.Qa.Hybrid.testcases.SearchTest" name="Verify_searching_with_an_Blank_Product_Name" time="0.633"/>
</testsuite> <!-- HybridFameworkQaTestCases -->
