<?xml version="1.0" encoding="UTF-8"?>
<!-- Generated by org.testng.reporters.JUnitXMLReporter -->
<testsuite ignored="0" hostname="LAPTOP-HC0J4JP3" failures="0" tests="14" name="Surefire test" time="110.117" errors="0" timestamp="2023-09-13T11:56:57 IST">
  <testcase classname="com.Qa.Hybrid.testcases.LoginTest" name="Verify_logging_into_the_Application_using_valid_credentials" time="0.53"/>
  <testcase classname="com.Qa.Hybrid.testcases.LoginTest" name="Verify_logging_into_the_Application_using_valid_credentials" time="0.556"/>
  <testcase classname="com.Qa.Hybrid.testcases.LoginTest" name="Verify_logging_into_the_Application_using_valid_credentials" time="0.441"/>
  <testcase classname="com.Qa.Hybrid.testcases.LoginTest" name="Verify_logging_into_the_Application_using_invalid_credentials" time="0.48"/>
  <testcase classname="com.Qa.Hybrid.testcases.LoginTest" name="Verify_logging_into_the_Application_using_invalid_email_address_and_validPassword" time="1.305"/>
  <testcase classname="com.Qa.Hybrid.testcases.LoginTest" name="Verify_logging_into_the_Application_using_valid_email_address_and_invalidPassword" time="0.451"/>
  <testcase classname="com.Qa.Hybrid.testcases.LoginTest" name="Verify_logging_into_the_Application_using_NO_email_address_and_NOvalidPassword" time="0.642"/>
  <testcase classname="com.Qa.Hybrid.testcases.RegisterTest" name="VerifyRegisteringanAccountbyprovidingonlytheMandatoryfields" time="1.412"/>
  <testcase classname="com.Qa.Hybrid.testcases.RegisterTest" name="VerifyRegisteringanAccountbyprovidingonAlltheMandatoryfields" time="1.214"/>
  <testcase classname="com.Qa.Hybrid.testcases.RegisterTest" name="VerifyRegisteringanAccountbyprovidingExistingEmail" time="0.863"/>
  <testcase classname="com.Qa.Hybrid.testcases.RegisterTest" name="withoutfillingAnydeatil" time="0.481"/>
  <testcase classname="com.Qa.Hybrid.testcases.SearchTest" name="Verify_searching_with_an_existing_Product_Name" time="1.238"/>
  <testcase classname="com.Qa.Hybrid.testcases.SearchTest" name="Verify_searching_with_an_Nonexisting_Product_Name" time="0.442"/>
  <testcase classname="com.Qa.Hybrid.testcases.SearchTest" name="Verify_searching_with_an_Blank_Product_Name" time="0.723"/>
</testsuite> <!-- Surefire test -->
